<?xml version="1.0" encoding="UTF-8"?>
<!-- Generated by org.testng.reporters.JUnitReportReporter -->
<testsuite hostname="DESKTOP-LPB9TJQ" failures="0" tests="1" name="com.qa.automation.test.loginTest" time="27.765" errors="0" timestamp="2022-03-24T22:25:15 IST" skipped="0">
  <testcase classname="com.qa.automation.test.loginTest" name="logindoEnter" time="27.765"/>
  <system-out/>
</testsuite> <!-- com.qa.automation.test.loginTest -->
