<?xml version="1.0" encoding="UTF-8"?>
<!-- Generated by org.testng.reporters.JUnitReportReporter -->
<testsuite hostname="DESKTOP-LPB9TJQ" failures="0" tests="1" name="com.qa.automation.test.RegistrationClass_Test" time="1.634" errors="0" timestamp="2022-03-24T16:36:11 IST" skipped="0">
  <testcase classname="com.qa.automation.test.RegistrationClass_Test" name="registrationClass_page_doEnter" time="1.634"/>
  <system-out/>
</testsuite> <!-- com.qa.automation.test.RegistrationClass_Test -->
