<?xml version="1.0" encoding="UTF-8"?>
<!-- Generated by org.testng.reporters.JUnitReportReporter -->
<testsuite hostname="DESKTOP-LPB9TJQ" failures="0" tests="1" name="com.qa.automation.test.SignUpClass_Test" time="3.015" errors="0" timestamp="2022-03-24T16:16:42 IST" skipped="0">
  <testcase classname="com.qa.automation.test.SignUpClass_Test" name="loginTest" time="3.015"/>
  <system-out/>
</testsuite> <!-- com.qa.automation.test.SignUpClass_Test -->
